2017-08-11 17:21:26,560 [main] INFO  BaseSetup:216 - Launching Firefox browser..
2017-08-14 15:19:14,480 [main] ERROR BaseSetup:64 - Error.....nulljava.lang.NullPointerException
2017-08-14 15:20:34,626 [main] ERROR BaseSetup:64 - Error.....nulljava.lang.NullPointerException
2017-08-14 15:24:20,635 [main] ERROR BaseSetup:67 - Error.....nulljava.lang.NullPointerException
2017-08-14 15:25:12,972 [main] ERROR BaseSetup:67 - Error.....nulljava.lang.NullPointerException
2017-08-14 15:26:10,223 [main] ERROR BaseSetup:67 - Error.....nulljava.lang.NullPointerException
2017-08-14 15:26:54,090 [main] ERROR BaseSetup:67 - Error.....nulljava.lang.NullPointerException
2017-08-14 15:29:58,631 [main] ERROR BaseSetup:67 - Error.....nulljava.lang.NullPointerException
2017-08-14 15:30:20,460 [main] ERROR BaseSetup:67 - Error.....nulljava.lang.NullPointerException
2017-08-18 16:05:27,242 [main] INFO  BaseSetup:211 - Launching Firefox browser..
2017-08-18 16:07:49,521 [main] INFO  BaseSetup:211 - Launching Firefox browser..
2017-08-22 12:57:00,480 [main] INFO  BaseSetup:211 - Launching Firefox browser..
2017-08-22 12:58:24,193 [main] INFO  BaseSetup:211 - Launching Firefox browser..
2017-08-22 12:59:15,602 [main] INFO  BaseSetup:211 - Launching Firefox browser..
2017-08-22 13:02:21,547 [main] INFO  BaseSetup:211 - Launching Firefox browser..
2017-08-22 14:25:47,016 [main] INFO  BaseSetup:211 - Launching Firefox browser..
2017-08-22 14:31:01 [main] INFO  BaseSetup:211 - Launching Firefox browser..
2017-08-22 14:31:06 [main] ERROR BaseSetup:55 - Error.....Failed to decode response from marionette
Build info: version: '3.4.0', revision: 'unknown', time: 'unknown'
System info: host: 'SAMIK-PC', ip: '10.103.6.45', os.name: 'Windows 8.1', os.arch: 'amd64', os.version: '6.3', java.version: '1.8.0_45'
Driver info: org.openqa.selenium.firefox.FirefoxDriver
Capabilities [{moz:profile=C:\Users\Samik\AppData\Local\Temp\rust_mozprofile.LXr7tTOv3Osq, rotatable=false, timeouts={implicit=0.0, pageLoad=300000.0, script=30000.0}, pageLoadStrategy=normal, platform=ANY, specificationLevel=0.0, moz:accessibilityChecks=false, acceptInsecureCerts=true, browserVersion=54.0.1, platformVersion=10.0, moz:processID=3400.0, browserName=firefox, javascriptEnabled=true, platformName=windows_nt}]
Session ID: 1ec579e7-8b4f-4e4b-a0be-4be5e1d6805borg.openqa.selenium.WebDriverException: Failed to decode response from marionette
Build info: version: '3.4.0', revision: 'unknown', time: 'unknown'
System info: host: 'SAMIK-PC', ip: '10.103.6.45', os.name: 'Windows 8.1', os.arch: 'amd64', os.version: '6.3', java.version: '1.8.0_45'
Driver info: org.openqa.selenium.firefox.FirefoxDriver
Capabilities [{moz:profile=C:\Users\Samik\AppData\Local\Temp\rust_mozprofile.LXr7tTOv3Osq, rotatable=false, timeouts={implicit=0.0, pageLoad=300000.0, script=30000.0}, pageLoadStrategy=normal, platform=ANY, specificationLevel=0.0, moz:accessibilityChecks=false, acceptInsecureCerts=true, browserVersion=54.0.1, platformVersion=10.0, moz:processID=3400.0, browserName=firefox, javascriptEnabled=true, platformName=windows_nt}]
Session ID: 1ec579e7-8b4f-4e4b-a0be-4be5e1d6805b
2017-08-22 15:00:20 [main] INFO  BaseSetup:211 - Launching Firefox browser..
2017-08-22 15:00:35 [main] INFO  BaseSetup:88 - Executing step: 1; ; open-> =  / /
2017-08-22 15:00:40 [main] INFO  BaseSetup:88 - Executing step: 2; ; open-> =  / /p/103-02HW
2017-08-22 15:00:43 [main] INFO  BaseSetup:88 - Executing step: ; ; pause-> =  / 3000
2017-08-22 15:00:43 [main] INFO  BaseSetup:88 - Executing step: 3; ; click->xpath = (.//*[@id='addToCartForm']//a)[2] / 
2017-08-22 15:00:46 [main] INFO  BaseSetup:88 - Executing step: ; ; pause-> =  / 3000
2017-08-22 15:00:50 [main] INFO  BaseSetup:88 - Executing step: 4; ; open-> =  / /
2017-08-22 15:00:50 [main] INFO  BaseSetup:88 - Executing step: 5; ; click->xpath = //button/span[contains(text(),'Cart')] / 
2017-08-22 15:01:21 [main] ERROR BaseSetup:101 - org.openqa.selenium.TimeoutException: Expected condition failed: waiting for presence of element located by: By.id: checkoutButton (tried for 20 second(s) with 500 MILLISECONDS interval)
2017-08-22 15:03:20 [main] INFO  BaseSetup:211 - Launching Firefox browser..
2017-08-22 15:03:33 [main] INFO  BaseSetup:88 - Executing step: 1; ; open-> =  / /
2017-08-22 15:03:36 [main] INFO  BaseSetup:88 - Executing step: 2; ; open-> =  / /p/103-02HW
2017-08-22 15:03:39 [main] INFO  BaseSetup:88 - Executing step: ; ; pause-> =  / 3000
2017-08-22 15:03:39 [main] INFO  BaseSetup:88 - Executing step: 3; ; click->xpath = .//*[@id='addToCartForm']/div[2]/a / 
2017-08-22 15:03:42 [main] INFO  BaseSetup:88 - Executing step: ; ; pause-> =  / 3000
2017-08-22 15:03:46 [main] INFO  BaseSetup:88 - Executing step: 4; ; open-> =  / /
2017-08-22 15:03:46 [main] INFO  BaseSetup:88 - Executing step: 5; ; click->xpath = //button/span[contains(text(),'Cart')] / 
2017-08-22 15:08:18 [main] INFO  BaseSetup:211 - Launching Firefox browser..
2017-08-22 15:08:32 [main] INFO  BaseSetup:88 - Executing step: 1; ; open-> =  / /
2017-08-22 15:08:35 [main] INFO  BaseSetup:88 - Executing step: 2; ; open-> =  / /p/103-02HW
2017-08-22 15:08:38 [main] INFO  BaseSetup:88 - Executing step: ; ; pause-> =  / 3000
2017-08-22 15:08:38 [main] ERROR BaseSetup:101 - org.openqa.selenium.interactions.MoveTargetOutOfBoundsException: (1044.5, 788.3499755859375) is out of bounds of viewport width (1366) and height (659)
Build info: version: '3.4.0', revision: 'unknown', time: 'unknown'
System info: host: 'SAMIK-PC', ip: '10.103.6.45', os.name: 'Windows 8.1', os.arch: 'amd64', os.version: '6.3', java.version: '1.8.0_45'
Driver info: org.openqa.selenium.firefox.FirefoxDriver
Capabilities [{moz:profile=C:\Users\Samik\AppData\Local\Temp\rust_mozprofile.X97cHTSZavvW, rotatable=false, timeouts={implicit=0.0, pageLoad=300000.0, script=30000.0}, pageLoadStrategy=normal, platform=ANY, specificationLevel=0.0, moz:accessibilityChecks=false, acceptInsecureCerts=true, browserVersion=54.0.1, platformVersion=10.0, moz:processID=15660.0, browserName=firefox, javascriptEnabled=true, platformName=windows_nt}]
Session ID: 252b906d-feb5-4b74-aa7f-44aa4931e967
2017-08-22 15:09:07 [main] INFO  BaseSetup:168 - Launching google chrome with new profile..
2017-08-22 15:09:22 [main] INFO  BaseSetup:88 - Executing step: 1; ; open-> =  / /
2017-08-22 15:09:26 [main] INFO  BaseSetup:88 - Executing step: 2; ; open-> =  / /p/103-02HW
2017-08-22 15:09:29 [main] INFO  BaseSetup:88 - Executing step: ; ; pause-> =  / 3000
2017-08-22 15:09:29 [main] INFO  BaseSetup:88 - Executing step: 3; ; moveToElement->xpath = .//*[@id='addToCartForm']/div[2]/a / 
2017-08-22 15:09:30 [main] ERROR BaseSetup:101 - org.openqa.selenium.WebDriverException: unknown error: Element <a class="button button--primary pdp-add-to-cart product-price__add-button" href="#">...</a> is not clickable at point (1044, 598). Other element would receive the click: <p class="product-compare__amount">...</p>
  (Session info: chrome=60.0.3112.101)
  (Driver info: chromedriver=2.30.477700 (0057494ad8732195794a7b32078424f92a5fce41),platform=Windows NT 10.0.15063 x86_64) (WARNING: The server did not provide any stacktrace information)
Command duration or timeout: 114 milliseconds
Build info: version: '3.4.0', revision: 'unknown', time: 'unknown'
System info: host: 'SAMIK-PC', ip: '10.103.6.45', os.name: 'Windows 8.1', os.arch: 'amd64', os.version: '6.3', java.version: '1.8.0_45'
Driver info: org.openqa.selenium.chrome.ChromeDriver
Capabilities [{applicationCacheEnabled=false, rotatable=false, mobileEmulationEnabled=false, networkConnectionEnabled=false, chrome={chromedriverVersion=2.30.477700 (0057494ad8732195794a7b32078424f92a5fce41), userDataDir=C:\Users\Samik\AppData\Local\Temp\scoped_dir17412_24340}, takesHeapSnapshot=true, pageLoadStrategy=normal, databaseEnabled=false, handlesAlerts=true, hasTouchScreen=false, version=60.0.3112.101, platform=WIN8_1, browserConnectionEnabled=false, nativeEvents=true, acceptSslCerts=true, locationContextEnabled=true, webStorageEnabled=true, browserName=chrome, takesScreenshot=true, javascriptEnabled=true, cssSelectorsEnabled=true, unexpectedAlertBehaviour=}]
Session ID: b397e7cf6a9f8822d42934c584b311e2
2017-08-22 15:09:52 [main] INFO  BaseSetup:168 - Launching google chrome with new profile..
2017-08-22 15:10:04 [main] INFO  BaseSetup:88 - Executing step: 1; ; open-> =  / /
2017-08-22 15:10:07 [main] INFO  BaseSetup:88 - Executing step: 2; ; open-> =  / /p/103-02HW
2017-08-22 15:10:10 [main] INFO  BaseSetup:88 - Executing step: ; ; pause-> =  / 3000
2017-08-22 15:10:11 [main] ERROR BaseSetup:101 - org.openqa.selenium.WebDriverException: unknown error: Element <a class="button button--primary pdp-add-to-cart product-price__add-button" href="#">...</a> is not clickable at point (1044, 598). Other element would receive the click: <p class="product-compare__amount">...</p>
  (Session info: chrome=60.0.3112.101)
  (Driver info: chromedriver=2.30.477700 (0057494ad8732195794a7b32078424f92a5fce41),platform=Windows NT 10.0.15063 x86_64) (WARNING: The server did not provide any stacktrace information)
Command duration or timeout: 122 milliseconds
Build info: version: '3.4.0', revision: 'unknown', time: 'unknown'
System info: host: 'SAMIK-PC', ip: '10.103.6.45', os.name: 'Windows 8.1', os.arch: 'amd64', os.version: '6.3', java.version: '1.8.0_45'
Driver info: org.openqa.selenium.chrome.ChromeDriver
Capabilities [{applicationCacheEnabled=false, rotatable=false, mobileEmulationEnabled=false, networkConnectionEnabled=false, chrome={chromedriverVersion=2.30.477700 (0057494ad8732195794a7b32078424f92a5fce41), userDataDir=C:\Users\Samik\AppData\Local\Temp\scoped_dir8664_17061}, takesHeapSnapshot=true, pageLoadStrategy=normal, databaseEnabled=false, handlesAlerts=true, hasTouchScreen=false, version=60.0.3112.101, platform=WIN8_1, browserConnectionEnabled=false, nativeEvents=true, acceptSslCerts=true, locationContextEnabled=true, webStorageEnabled=true, browserName=chrome, takesScreenshot=true, javascriptEnabled=true, cssSelectorsEnabled=true, unexpectedAlertBehaviour=}]
Session ID: e5ec67da75757e05e6300be920488813
2017-08-23 09:34:01 [main] INFO  BaseSetup:168 - Launching google chrome with new profile..
2017-08-23 09:34:24 [main] INFO  BaseSetup:88 - Executing step: 1; ; open-> =  / /
2017-08-23 09:34:28 [main] INFO  BaseSetup:88 - Executing step: 2; ; open-> =  / /p/103-02HW
2017-08-23 09:34:31 [main] INFO  BaseSetup:88 - Executing step: ; ; pause-> =  / 3000
2017-08-23 09:35:12 [main] ERROR BaseSetup:101 - org.openqa.selenium.TimeoutException: Expected condition failed: waiting for presence of element located by: By.xpath: .//*[@id='addToCartForm']/div[2]/a (tried for 20 second(s) with 500 MILLISECONDS interval)
2017-08-23 09:37:38 [main] INFO  BaseSetup:168 - Launching google chrome with new profile..
2017-08-23 09:37:54 [main] INFO  BaseSetup:88 - Executing step: 1; ; open-> =  / /
2017-08-23 09:37:56 [main] INFO  BaseSetup:88 - Executing step: 2; ; open-> =  / /p/103-02HW
2017-08-23 09:37:59 [main] INFO  BaseSetup:88 - Executing step: ; ; pause-> =  / 3000
2017-08-23 09:40:02 [main] INFO  BaseSetup:168 - Launching google chrome with new profile..
2017-08-23 09:40:16 [main] INFO  BaseSetup:88 - Executing step: 1; ; open-> =  / /
2017-08-23 09:40:19 [main] INFO  BaseSetup:88 - Executing step: 2; ; open-> =  / /p/103-02HW
2017-08-23 09:40:22 [main] INFO  BaseSetup:88 - Executing step: ; ; pause-> =  / 3000
2017-08-23 09:40:23 [main] ERROR BaseSetup:101 - org.openqa.selenium.ElementNotVisibleException: element not visible
  (Session info: chrome=60.0.3112.101)
  (Driver info: chromedriver=2.30.477700 (0057494ad8732195794a7b32078424f92a5fce41),platform=Windows NT 10.0.15063 x86_64) (WARNING: The server did not provide any stacktrace information)
Command duration or timeout: 105 milliseconds
Build info: version: '3.4.0', revision: 'unknown', time: 'unknown'
System info: host: 'SAMIK-PC', ip: '10.103.6.58', os.name: 'Windows 8.1', os.arch: 'amd64', os.version: '6.3', java.version: '1.8.0_45'
Driver info: org.openqa.selenium.chrome.ChromeDriver
Capabilities [{applicationCacheEnabled=false, rotatable=false, mobileEmulationEnabled=false, networkConnectionEnabled=false, chrome={chromedriverVersion=2.30.477700 (0057494ad8732195794a7b32078424f92a5fce41), userDataDir=C:\Users\Samik\AppData\Local\Temp\scoped_dir19648_19967}, takesHeapSnapshot=true, pageLoadStrategy=normal, databaseEnabled=false, handlesAlerts=true, hasTouchScreen=false, version=60.0.3112.101, platform=WIN8_1, browserConnectionEnabled=false, nativeEvents=true, acceptSslCerts=true, locationContextEnabled=true, webStorageEnabled=true, browserName=chrome, takesScreenshot=true, javascriptEnabled=true, cssSelectorsEnabled=true, unexpectedAlertBehaviour=}]
Session ID: 2fccad010deb0e53ff9205a883ebb5e8
2017-08-23 09:53:06 [main] INFO  BaseSetup:211 - Launching Firefox browser..
2017-08-23 09:53:20 [main] INFO  BaseSetup:88 - Executing step: 1; ; open-> =  / /
2017-08-23 09:53:25 [main] INFO  BaseSetup:88 - Executing step: 2; ; open-> =  / /p/103-02HW
2017-08-23 09:53:28 [main] INFO  BaseSetup:88 - Executing step: ; ; pause-> =  / 3000
2017-08-23 09:53:29 [main] INFO  BaseSetup:88 - Executing step: 3; ; click->xpath = .//*[@id='addToCartForm']/div[1]/a / 
2017-08-23 09:53:32 [main] INFO  BaseSetup:88 - Executing step: ; ; pause-> =  / 3000
2017-08-23 09:53:34 [main] INFO  BaseSetup:88 - Executing step: 4; ; open-> =  / /
2017-08-23 09:53:34 [main] INFO  BaseSetup:88 - Executing step: 5; ; click->xpath = //button/span[contains(text(),'Cart')] / 
2017-08-23 11:12:30 [main] INFO  BaseSetup:211 - Launching Firefox browser..
2017-08-23 11:12:42 [main] INFO  BaseSetup:88 - Executing step: 1; ; open-> =  / /
2017-08-23 11:12:45 [main] INFO  BaseSetup:88 - Executing step: 2; ; open-> =  / /p/103-02HW
2017-08-23 11:12:48 [main] INFO  BaseSetup:88 - Executing step: ; ; pause-> =  / 3000
2017-08-23 11:12:48 [main] INFO  BaseSetup:88 - Executing step: ; ; scrolldown->xpath = .//*[@id='addToCartForm']/div[1]/a / 
2017-08-23 11:12:48 [main] INFO  BaseSetup:88 - Executing step: 3; ; click->xpath = .//*[@id='addToCartForm']/div[1]/a / 
2017-08-23 11:12:51 [main] INFO  BaseSetup:88 - Executing step: ; ; pause-> =  / 3000
2017-08-23 11:12:53 [main] INFO  BaseSetup:88 - Executing step: 4; ; open-> =  / /
2017-08-23 11:12:53 [main] INFO  BaseSetup:88 - Executing step: 5; ; click->xpath = //button/span[contains(text(),'Cart')] / 
2017-08-23 11:13:29 [main] INFO  BaseSetup:211 - Launching Firefox browser..
2017-08-23 11:13:41 [main] INFO  BaseSetup:88 - Executing step: 1; ; open-> =  / /
2017-08-23 11:13:44 [main] INFO  BaseSetup:88 - Executing step: 2; ; open-> =  / /p/103-02HW
2017-08-23 11:13:47 [main] INFO  BaseSetup:88 - Executing step: ; ; pause-> =  / 3000
2017-08-23 11:13:47 [main] INFO  BaseSetup:88 - Executing step: ; ; scrolldown->xpath = .//*[@id='addToCartForm']/div[1]/a / 
2017-08-23 11:13:50 [main] INFO  BaseSetup:88 - Executing step: ; ; pause-> =  / 3000
2017-08-23 11:13:50 [main] INFO  BaseSetup:88 - Executing step: 3; ; click->xpath = .//*[@id='addToCartForm']/div[1]/a / 
2017-08-23 11:13:53 [main] INFO  BaseSetup:88 - Executing step: ; ; pause-> =  / 3000
2017-08-23 11:13:54 [main] INFO  BaseSetup:88 - Executing step: 4; ; open-> =  / /
2017-08-23 11:13:55 [main] INFO  BaseSetup:88 - Executing step: 5; ; click->xpath = //button/span[contains(text(),'Cart')] / 
2017-08-23 12:34:57 [main] INFO  BaseSetup:211 - Launching Firefox browser..
2017-08-23 12:35:14 [main] INFO  BaseSetup:88 - Executing step: 1; Open Home; open-> =  / /login
2017-08-23 12:35:14 [main] INFO  BaseSetup:88 - Executing step: 2; Login; type->id = inputUserId / navedahmed@pragiti.com
2017-08-23 12:35:14 [main] INFO  BaseSetup:88 - Executing step: 3; Login; type->id = inputPassword / 1234
2017-08-23 12:35:14 [main] INFO  BaseSetup:88 - Executing step: 4; Login; click->id = checkbox1 / 
2017-08-23 12:35:15 [main] INFO  BaseSetup:88 - Executing step: 5; Login; click->id = validateUserButton / 
2017-08-23 12:35:18 [main] INFO  BaseSetup:88 - Executing step: 6; Login; pause-> =  / 3000
2017-08-23 12:35:23 [main] INFO  BaseSetup:88 - Executing step: 1; Open Home; open-> =  / /
2017-08-23 12:35:29 [main] INFO  BaseSetup:88 - Executing step: 2; Navigate to PDP; open-> =  / /p/RS717-07
2017-08-23 12:35:29 [main] INFO  BaseSetup:88 - Executing step: 3; Quantity; type->id = 0.quantity / 1
2017-08-23 12:35:29 [main] INFO  BaseSetup:88 - Executing step: 4; AddToCart; click->id = addToCartOrderFormButton / 
2017-08-23 12:35:32 [main] INFO  BaseSetup:88 - Executing step: 5; AddToCart; pause-> =  / 3000
2017-08-23 12:35:34 [main] INFO  BaseSetup:88 - Executing step: 1; Open Home; open-> =  / /
2017-08-23 12:35:38 [main] INFO  BaseSetup:88 - Executing step: 2; Navigate to PDP; open-> =  / /r/G807-0215
2017-08-23 12:35:38 [main] INFO  BaseSetup:88 - Executing step: 3; Quantity; type->id = 0.quantity / 1
2017-08-23 12:35:38 [main] INFO  BaseSetup:88 - Executing step: 4; AddToCart; click->id = addToCartOrderFormButton / 
2017-08-23 12:35:41 [main] INFO  BaseSetup:88 - Executing step: 5; AddToCart; pause-> =  / 3000
2017-08-23 12:35:47 [main] INFO  BaseSetup:88 - Executing step: 1; Navigate to Cart; click->xpath = //li[@id='holderMiniCart']/a/span[2] / 
2017-08-23 12:35:50 [main] INFO  BaseSetup:88 - Executing step: 2; Navigate to Cart; pause-> =  / 3000
2017-08-23 12:35:50 [main] INFO  BaseSetup:88 - Executing step: 3; Cart Page - PO; type->id = inputPurchaseOrderNumber / This is a test order
2017-08-23 12:35:54 [main] INFO  BaseSetup:88 - Executing step: 4; Checkout; click->xpath = (//button[@type='submit'])[2] / 
2017-08-23 12:35:57 [main] INFO  BaseSetup:88 - Executing step: 5; Checkout; pause-> =  / 3000
2017-08-23 12:36:04 [main] INFO  BaseSetup:88 - Executing step: 6; Checkout; click->xpath = //button[@type='submit'] / 
2017-08-23 12:36:07 [main] INFO  BaseSetup:88 - Executing step: 7; Checkout; pause-> =  / 3000
2017-08-23 12:36:08 [main] INFO  BaseSetup:88 - Executing step: 8; Checkout; assertText->xpath = //div[@id='pageContent']/div/div[2]/div/div/h5 / YOUR RECEIPT
2017-08-23 12:36:11 [main] INFO  BaseSetup:88 - Executing step: 1; Logout; click->xpath = //a[contains(@href, '/mauijimb2bstorefront/logout')] / 
2017-08-23 12:36:14 [main] INFO  BaseSetup:88 - Executing step: 2; Logout; pause-> =  / 3000
2017-08-29 14:14:16 [main] INFO  BaseSetup:230 - Launching google chrome with new profile..
2017-08-29 14:14:31 [main] INFO  BaseSetup:57 - browserType: chrome; appURL: https://ustrade.mauijim.com/mauijimb2bstorefront
2017-08-29 14:14:31 [main] INFO  BaseSetup:66 - No saucelabs detectected; setting extentReportName
2017-08-29 14:14:35 [main] INFO  BaseSetup:91 - Executing step: 1; Open Home; open-> =  / /login
2017-08-29 14:14:36 [main] INFO  BaseSetup:91 - Executing step: 2; Login; type->id = inputUserId / navedsmart@gmail.com
2017-08-29 14:14:36 [main] INFO  BaseSetup:91 - Executing step: 3; Login; type->id = inputPassword / 1234
2017-08-29 14:14:37 [main] ERROR BaseSetup:104 - org.openqa.selenium.WebDriverException: unknown error: Element <input type="checkbox" id="checkbox1" checked=""> is not clickable at point (138, 297). Other element would receive the click: <label for="checkbox1">...</label>
  (Session info: chrome=60.0.3112.113)
  (Driver info: chromedriver=2.30.477700 (0057494ad8732195794a7b32078424f92a5fce41),platform=Windows NT 10.0.15063 x86_64) (WARNING: The server did not provide any stacktrace information)
Command duration or timeout: 63 milliseconds
Build info: version: '3.4.0', revision: 'unknown', time: 'unknown'
System info: host: 'SAMIK-PC', ip: '10.1.10.45', os.name: 'Windows 8.1', os.arch: 'amd64', os.version: '6.3', java.version: '1.8.0_45'
Driver info: org.openqa.selenium.chrome.ChromeDriver
Capabilities [{applicationCacheEnabled=false, rotatable=false, mobileEmulationEnabled=false, networkConnectionEnabled=false, chrome={chromedriverVersion=2.30.477700 (0057494ad8732195794a7b32078424f92a5fce41), userDataDir=C:\Users\Samik\AppData\Local\Temp\scoped_dir21360_28255}, takesHeapSnapshot=true, pageLoadStrategy=normal, databaseEnabled=false, handlesAlerts=true, hasTouchScreen=false, version=60.0.3112.113, platform=WIN8_1, browserConnectionEnabled=false, nativeEvents=true, acceptSslCerts=true, locationContextEnabled=true, webStorageEnabled=true, browserName=chrome, takesScreenshot=true, javascriptEnabled=true, cssSelectorsEnabled=true, unexpectedAlertBehaviour=}]
Session ID: e2d107053007c9ec87d10fb862632df8
2017-08-29 14:14:39 [main] INFO  BaseSetup:91 - Executing step: 1; Open Home; open-> =  / /
2017-08-29 14:14:41 [main] INFO  BaseSetup:91 - Executing step: 2; Navigate to PDP; open-> =  / /p/RS717-07
2017-08-29 14:15:48 [main] INFO  BaseSetup:230 - Launching google chrome with new profile..
2017-08-29 14:16:00 [main] INFO  BaseSetup:57 - browserType: chrome; appURL: https://ustrade.mauijim.com/mauijimb2bstorefront
2017-08-29 14:16:00 [main] INFO  BaseSetup:66 - No saucelabs detectected; setting extentReportName
2017-08-29 14:16:03 [main] INFO  BaseSetup:91 - Executing step: 1; Open Home; open-> =  / /login
2017-08-29 14:16:04 [main] INFO  BaseSetup:91 - Executing step: 2; Login; type->id = inputUserId / navedsmart@gmail.com
2017-08-29 14:16:04 [main] INFO  BaseSetup:91 - Executing step: 3; Login; type->id = inputPassword / 1234
2017-08-29 14:16:04 [main] INFO  BaseSetup:91 - Executing step: 5; Login; click->id = validateUserButton / 
2017-08-29 14:16:07 [main] INFO  BaseSetup:91 - Executing step: 6; Login; pause-> =  / 3000
2017-08-29 14:16:09 [main] INFO  BaseSetup:91 - Executing step: 1; Open Home; open-> =  / /
2017-08-29 14:16:11 [main] INFO  BaseSetup:91 - Executing step: 2; Navigate to PDP; open-> =  / /p/RS717-07
2017-08-29 14:16:58 [main] INFO  BaseSetup:273 - Launching Firefox browser..
2017-08-29 14:17:14 [main] INFO  BaseSetup:57 - browserType: firefox; appURL: https://ustrade.mauijim.com/mauijimb2bstorefront
2017-08-29 14:17:14 [main] INFO  BaseSetup:66 - No saucelabs detectected; setting extentReportName
2017-08-29 14:17:15 [main] INFO  BaseSetup:91 - Executing step: 1; Open Home; open-> =  / /login
2017-08-29 14:17:17 [main] INFO  BaseSetup:91 - Executing step: 2; Login; type->id = inputUserId / navedsmart@gmail.com
2017-08-29 14:17:18 [main] INFO  BaseSetup:91 - Executing step: 3; Login; type->id = inputPassword / 1234
2017-08-29 14:17:20 [main] INFO  BaseSetup:91 - Executing step: 5; Login; click->id = validateUserButton / 
2017-08-29 14:17:23 [main] INFO  BaseSetup:91 - Executing step: 6; Login; pause-> =  / 3000
2017-08-29 14:17:25 [main] INFO  BaseSetup:91 - Executing step: 1; Open Home; open-> =  / /
2017-08-29 14:17:26 [main] INFO  BaseSetup:91 - Executing step: 2; Navigate to PDP; open-> =  / /p/RS717-07
2017-08-29 14:17:56 [main] ERROR BaseSetup:104 - org.openqa.selenium.TimeoutException: Expected condition failed: waiting for presence of element located by: By.id: 0.quantity (tried for 20 second(s) with 500 MILLISECONDS interval)
2017-08-29 14:17:57 [main] INFO  BaseSetup:91 - Executing step: 1; Open Home; open-> =  / /
2017-08-29 14:18:02 [main] INFO  BaseSetup:91 - Executing step: 2; Navigate to PDP; open-> =  / /r/G807-0215
2017-08-29 14:18:02 [main] INFO  BaseSetup:91 - Executing step: 3; Quantity; type->id = 0.quantity / 1
2017-08-29 14:18:02 [main] INFO  BaseSetup:91 - Executing step: 4; AddToCart; click->id = addToCartOrderFormButton / 
2017-08-29 14:18:05 [main] INFO  BaseSetup:91 - Executing step: 5; AddToCart; pause-> =  / 3000
2017-08-29 14:18:07 [main] INFO  BaseSetup:91 - Executing step: 1; Open Home; open-> =  / /
2017-08-29 14:18:37 [main] ERROR BaseSetup:104 - org.openqa.selenium.TimeoutException: Expected condition failed: waiting for presence of element located by: By.xpath: //a[contains(@href, '/mauijimb2bstorefront/ophthalmic/shortcutFlowOphthalmic')] (tried for 20 second(s) with 500 MILLISECONDS interval)
2017-08-29 14:18:39 [main] INFO  BaseSetup:91 - Executing step: 1; Open Home; open-> =  / /
2017-08-29 14:18:42 [main] INFO  BaseSetup:91 - Executing step: 2; Navigate to PDP; open-> =  / /mymaui/pdp?productCode=MM743
2017-08-29 14:18:42 [main] INFO  BaseSetup:91 - Executing step: 4; AddToCart; click->xpath = //input[@value='Add To Cart'] / 
2017-08-29 14:18:45 [main] INFO  BaseSetup:91 - Executing step: 5; AddToCart; pause-> =  / 3000
2017-08-29 14:20:10 [main] INFO  BaseSetup:273 - Launching Firefox browser..
2017-08-29 14:20:24 [main] INFO  BaseSetup:57 - browserType: firefox; appURL: https://ustrade.mauijim.com/mauijimb2bstorefront
2017-08-29 14:20:24 [main] INFO  BaseSetup:66 - No saucelabs detectected; setting extentReportName
2017-08-29 14:20:25 [main] INFO  BaseSetup:91 - Executing step: 1; Open Home; open-> =  / /login
2017-08-29 14:20:26 [main] INFO  BaseSetup:91 - Executing step: 2; Login; type->id = inputUserId / navedsmart@gmail.com
2017-08-29 14:20:26 [main] INFO  BaseSetup:91 - Executing step: 3; Login; type->id = inputPassword / 1234
2017-08-29 14:20:28 [main] INFO  BaseSetup:91 - Executing step: 5; Login; click->id = validateUserButton / 
2017-08-29 14:20:31 [main] INFO  BaseSetup:91 - Executing step: 6; Login; pause-> =  / 3000
2017-08-29 14:20:33 [main] INFO  BaseSetup:91 - Executing step: 1; Open Home; open-> =  / /
2017-08-29 14:20:34 [main] INFO  BaseSetup:91 - Executing step: 2; Navigate to PDP; open-> =  / /p/RS717-07
2017-08-29 14:21:16 [main] INFO  BaseSetup:273 - Launching Firefox browser..
2017-08-29 14:21:29 [main] INFO  BaseSetup:57 - browserType: firefox; appURL: https://ustrade.mauijim.com/mauijimb2bstorefront
2017-08-29 14:21:29 [main] INFO  BaseSetup:66 - No saucelabs detectected; setting extentReportName
2017-08-29 14:21:31 [main] INFO  BaseSetup:91 - Executing step: 1; Open Home; open-> =  / /login
2017-08-29 14:21:31 [main] INFO  BaseSetup:91 - Executing step: 2; Login; type->id = inputUserId / navedsmart@gmail.com
2017-08-29 14:21:32 [main] INFO  BaseSetup:91 - Executing step: 3; Login; type->id = inputPassword / 1234
2017-08-29 14:21:33 [main] INFO  BaseSetup:91 - Executing step: 5; Login; click->id = validateUserButton / 
2017-08-29 14:21:36 [main] INFO  BaseSetup:91 - Executing step: 6; Login; pause-> =  / 3000
2017-08-29 14:21:38 [main] INFO  BaseSetup:91 - Executing step: 1; Open Home; open-> =  / /
2017-08-29 14:21:40 [main] INFO  BaseSetup:91 - Executing step: 2; Navigate to PDP; open-> =  / /p/RS717-07
2017-08-29 14:22:10 [main] ERROR BaseSetup:104 - org.openqa.selenium.TimeoutException: Expected condition failed: waiting for presence of element located by: By.id: 0.quantity (tried for 20 second(s) with 500 MILLISECONDS interval)
2017-08-29 14:22:11 [main] INFO  BaseSetup:91 - Executing step: 1; Open Home; open-> =  / /
2017-08-29 14:22:14 [main] INFO  BaseSetup:91 - Executing step: 2; Navigate to PDP; open-> =  / /r/G807-0215
2017-08-29 14:22:15 [main] INFO  BaseSetup:91 - Executing step: 3; Quantity; type->id = 0.quantity / 1
2017-08-29 14:22:15 [main] INFO  BaseSetup:91 - Executing step: 4; AddToCart; click->id = addToCartOrderFormButton / 
2017-08-29 14:22:18 [main] INFO  BaseSetup:91 - Executing step: 5; AddToCart; pause-> =  / 3000
2017-08-29 16:49:41 [main] INFO  BaseSetup:57 - browserType: saucelabsMacSafari; appURL: https://usmauijim.stg/
2017-08-29 16:49:41 [main] INFO  BaseSetup:66 - No saucelabs detectected; setting extentReportName
2017-08-29 16:49:46 [main] INFO  BaseSetup:91 - Executing step: 1; ; open-> =  / /
2017-08-29 16:49:55 [main] INFO  BaseSetup:91 - Executing step: 2; ; open-> =  / /en/shop/sunglasses/aviators/baby-beach
2017-08-29 16:49:56 [main] INFO  BaseSetup:91 - Executing step: 3; ; click->id = addToCartButton / 
2017-08-29 16:49:59 [main] INFO  BaseSetup:91 - Executing step: 4; ; pause-> =  / 3000
2017-08-29 16:50:08 [main] INFO  BaseSetup:91 - Executing step: 5; ; open-> =  / /en/shop/readers/makaha-reader-universal-fit
2017-08-29 16:50:09 [main] INFO  BaseSetup:91 - Executing step: 6; ; click->id = addToCartButton / 
2017-08-29 16:50:12 [main] INFO  BaseSetup:91 - Executing step: 7; ; pause-> =  / 3000
2017-08-29 16:50:19 [main] INFO  BaseSetup:91 - Executing step: 8; ; open-> =  / /en/shop/other/accessories/cablz-xl
2017-08-29 16:50:21 [main] INFO  BaseSetup:91 - Executing step: 9; ; click->id = addToCartButton / 
2017-08-29 16:50:24 [main] INFO  BaseSetup:91 - Executing step: 10; ; pause-> =  / 3000
2017-08-29 16:50:33 [main] INFO  BaseSetup:91 - Executing step: 11; ; open-> =  / /en/shop/other/hats/jimmy-bird-trucker
2017-08-29 16:50:34 [main] INFO  BaseSetup:91 - Executing step: 12; ; click->id = addToCartButton / 
2017-08-29 16:50:37 [main] INFO  BaseSetup:91 - Executing step: 13; ; pause-> =  / 3000
2017-08-29 16:50:43 [main] INFO  BaseSetup:91 - Executing step: 14; ; click->xpath = //li[@id='holderMiniCart']/a/span[2] / 
2017-08-29 16:50:49 [main] INFO  BaseSetup:91 - Executing step: 15; ; click->xpath = (//a[contains(@href, '/en/checkout')])[2] / 
2017-08-29 16:50:56 [main] INFO  BaseSetup:91 - Executing step: 16; ; click->id = registerInterceptSubmitButton / 
2017-08-29 16:50:56 [main] INFO  BaseSetup:91 - Executing step: 17; ; type->id = contactEmail / abc@test.com
2017-08-29 16:50:57 [main] INFO  BaseSetup:91 - Executing step: 18; ; type->id = contactPhone / 6514685841
2017-08-29 16:50:58 [main] INFO  BaseSetup:91 - Executing step: 19; ; click->id = submit / 
2017-08-29 16:51:01 [main] INFO  BaseSetup:91 - Executing step: 20; ; pause-> =  / 3000
2017-08-29 16:51:01 [main] INFO  BaseSetup:91 - Executing step: 21; ; type->id = address-firstName / Samik
2017-08-29 16:51:02 [main] INFO  BaseSetup:91 - Executing step: 22; ; type->id = address-lastName / Banerjee
2017-08-29 16:51:02 [main] INFO  BaseSetup:91 - Executing step: 23; ; type->id = compayName / 1920
2017-08-29 16:51:03 [main] INFO  BaseSetup:91 - Executing step: 24; ; type->id = address-line1 / 4280 Albany Drive
2017-08-29 16:51:03 [main] INFO  BaseSetup:91 - Executing step: 25; ; type->id = address-line2 / J223
2017-08-29 16:51:04 [main] INFO  BaseSetup:91 - Executing step: 26; ; type->id = address-town / San Jose
2017-08-29 16:51:05 [main] INFO  BaseSetup:91 - Executing step: 27; ; select->id = regionIso / CALIFORNIA
2017-08-29 16:51:05 [main] INFO  BaseSetup:91 - Executing step: 28; ; type->id = address-zip / 9529
2017-08-29 16:51:06 [main] INFO  BaseSetup:91 - Executing step: 29; ; click->id = continue-address-btn / 
2017-08-29 16:51:21 [main] INFO  BaseSetup:91 - Executing step: 30; ; pause-> =  / 15000
2017-08-29 16:51:22 [main] INFO  BaseSetup:91 - Executing step: 31; ; click->id = suggest-address-btn / 
2017-08-29 16:51:25 [main] INFO  BaseSetup:91 - Executing step: 32; ; pause-> =  / 3000
2017-08-29 16:51:25 [main] INFO  BaseSetup:91 - Executing step: 33; ; select->id = selectMethod / Standard ($0.00)
2017-08-29 16:51:26 [main] INFO  BaseSetup:91 - Executing step: 34; ; click->id = shipping-methods-continue / 
2017-08-29 16:51:31 [main] INFO  BaseSetup:91 - Executing step: 35; ; pause-> =  / 5000
2017-08-29 16:51:31 [main] INFO  BaseSetup:91 - Executing step: 36; ; click->id = billShippingAddress / 
2017-08-29 16:51:34 [main] INFO  BaseSetup:91 - Executing step: 37; ; pause-> =  / 3000
2017-08-29 16:51:35 [main] INFO  BaseSetup:91 - Executing step: 38; ; selectWindow->id = partner-frame / 
2017-08-29 16:51:38 [main] INFO  BaseSetup:91 - Executing step: 39; ; pause-> =  / 3000
2017-08-29 16:51:38 [main] INFO  BaseSetup:91 - Executing step: 40; ; select->id = ccins / VISA
2017-08-29 16:51:39 [main] INFO  BaseSetup:91 - Executing step: 41; ; type->id = ccname / samik
2017-08-29 16:51:40 [main] INFO  BaseSetup:91 - Executing step: 42; ; type->id = ccnum_display / 4111111111111111
2017-08-29 16:51:40 [main] INFO  BaseSetup:91 - Executing step: 43; ; type->id = expDateMonth / 09
2017-08-29 16:51:41 [main] INFO  BaseSetup:91 - Executing step: 44; ; type->id = expDateYear / 2022
2017-08-29 16:51:41 [main] INFO  BaseSetup:91 - Executing step: 45; ; type->id = cvval_display / 234
2017-08-29 16:51:47 [main] INFO  BaseSetup:91 - Executing step: 46; ; pause-> =  / 6000
2017-08-29 16:51:48 [main] INFO  BaseSetup:91 - Executing step: 47; ; key-> =  / TAB
2017-08-29 16:51:48 [main] INFO  BaseSetup:91 - Executing step: 48; ; key-> =  / TAB
2017-08-29 16:51:48 [main] INFO  BaseSetup:91 - Executing step: 49; ; key-> =  / ENTER
2017-08-29 16:51:51 [main] INFO  BaseSetup:91 - Executing step: 50; ; pause-> =  / 3000
2017-08-29 16:51:51 [main] INFO  BaseSetup:91 - Executing step: 51; ; selectWindow-> = null / 
2017-08-29 16:51:54 [main] INFO  BaseSetup:91 - Executing step: 52; ; pause-> =  / 3000
2017-08-29 16:51:55 [main] ERROR BaseSetup:104 - org.openqa.selenium.InvalidElementStateException: Element is not enabled
Build info: version: '3.4.0', revision: 'unknown', time: 'unknown'
System info: host: 'WIN-SB3ER6JQ6ME', ip: '172.20.33.202', os.name: 'Windows 10', os.arch: 'x86', os.version: '10.0', java.version: '1.8.0_91'
Driver info: org.openqa.selenium.firefox.FirefoxDriver
Capabilities [{moz:profile=C:\Users\ADMINI~1\AppData\Local\Temp\rust_mozprofile.09rpYn8lydcQ, rotatable=false, timeouts={implicit=0.0, pageLoad=300000.0, script=30000.0}, pageLoadStrategy=normal, platform=ANY, proxy=Proxy(pac: http://127.0.0.1:19876/pac.js), specificationLevel=0.0, moz:accessibilityChecks=false, acceptInsecureCerts=false, browserVersion=54.0, platformVersion=10.0, moz:processID=2480.0, browserName=firefox, javascriptEnabled=true, platformName=windows_nt}]
Session ID: XXXXXXXX-XXXX-XXXX-XXXX-XXXXf50688c6
Command duration or timeout: 306 milliseconds
2017-08-29 16:52:01 [main] INFO  BaseSetup:91 - Executing step: 1; ; open-> =  / /
2017-08-29 16:52:09 [main] INFO  BaseSetup:91 - Executing step: 2; ; open-> =  / /en/shop/sunglasses/aviators/baby-beach
2017-08-29 16:52:09 [main] INFO  BaseSetup:91 - Executing step: 3; ; click->id = addToCartButton / 
2017-08-29 16:52:12 [main] INFO  BaseSetup:91 - Executing step: 4; ; pause-> =  / 3000
2017-08-29 16:52:20 [main] INFO  BaseSetup:91 - Executing step: 5; ; open-> =  / /en/shop/readers/makaha-reader-universal-fit
2017-08-29 16:52:20 [main] INFO  BaseSetup:91 - Executing step: 6; ; click->id = addToCartButton / 
2017-08-29 16:52:23 [main] INFO  BaseSetup:91 - Executing step: 7; ; pause-> =  / 3000
2017-08-29 16:52:30 [main] INFO  BaseSetup:91 - Executing step: 8; ; open-> =  / /en/shop/other/accessories/cablz-xl
2017-08-29 16:52:30 [main] INFO  BaseSetup:91 - Executing step: 9; ; click->id = addToCartButton / 
2017-08-29 16:52:33 [main] INFO  BaseSetup:91 - Executing step: 10; ; pause-> =  / 3000
2017-08-29 16:52:40 [main] INFO  BaseSetup:91 - Executing step: 11; ; open-> =  / /en/shop/other/hats/jimmy-bird-trucker
2017-08-29 16:52:41 [main] INFO  BaseSetup:91 - Executing step: 12; ; click->id = addToCartButton / 
2017-08-29 16:52:44 [main] INFO  BaseSetup:91 - Executing step: 13; ; pause-> =  / 3000
2017-08-29 16:52:50 [main] INFO  BaseSetup:91 - Executing step: 14; ; click->xpath = //li[@id='holderMiniCart']/a/span[2] / 
2017-08-29 16:52:57 [main] INFO  BaseSetup:91 - Executing step: 15; ; click->xpath = (//a[contains(@href, '/en/checkout')])[2] / 
2017-08-29 16:53:02 [main] INFO  BaseSetup:91 - Executing step: 16; ; click->id = registerInterceptSubmitButton / 
2017-08-29 16:53:03 [main] INFO  BaseSetup:91 - Executing step: 17; ; type->id = contactEmail / abc@test2.com
2017-08-29 16:53:03 [main] INFO  BaseSetup:91 - Executing step: 18; ; type->id = contactPhone / 6517030545
2017-08-29 16:53:04 [main] INFO  BaseSetup:91 - Executing step: 19; ; click->id = submit / 
2017-08-29 16:53:07 [main] INFO  BaseSetup:91 - Executing step: 20; ; pause-> =  / 3000
2017-08-29 16:53:07 [main] INFO  BaseSetup:91 - Executing step: 21; ; type->id = address-firstName / Tanush
2017-08-29 16:53:08 [main] INFO  BaseSetup:91 - Executing step: 22; ; type->id = address-lastName / G
2017-08-29 16:53:08 [main] INFO  BaseSetup:91 - Executing step: 23; ; type->id = compayName /  
2017-08-29 16:53:09 [main] INFO  BaseSetup:91 - Executing step: 24; ; type->id = address-line1 / 353 Kiely Blvd
2017-08-29 16:53:09 [main] INFO  BaseSetup:91 - Executing step: 25; ; type->id = address-line2 / E109
2017-08-29 16:53:10 [main] INFO  BaseSetup:91 - Executing step: 26; ; type->id = address-town / San Jose
2017-08-29 16:53:10 [main] INFO  BaseSetup:91 - Executing step: 27; ; select->id = regionIso / CALIFORNIA
2017-08-29 16:53:11 [main] INFO  BaseSetup:91 - Executing step: 28; ; type->id = address-zip / 9529
2017-08-29 16:53:12 [main] INFO  BaseSetup:91 - Executing step: 29; ; click->id = continue-address-btn / 
2017-08-29 16:53:27 [main] INFO  BaseSetup:91 - Executing step: 30; ; pause-> =  / 15000
2017-08-29 16:53:27 [main] INFO  BaseSetup:91 - Executing step: 31; ; click->id = suggest-address-btn / 
2017-08-29 16:53:30 [main] INFO  BaseSetup:91 - Executing step: 32; ; pause-> =  / 3000
2017-08-29 16:53:31 [main] INFO  BaseSetup:91 - Executing step: 33; ; select->id = selectMethod / Standard ($0.00)
2017-08-29 16:53:32 [main] INFO  BaseSetup:91 - Executing step: 34; ; click->id = shipping-methods-continue / 
2017-08-29 16:53:37 [main] INFO  BaseSetup:91 - Executing step: 35; ; pause-> =  / 5000
2017-08-29 16:53:37 [main] INFO  BaseSetup:91 - Executing step: 36; ; click->id = billShippingAddress / 
2017-08-29 16:53:40 [main] INFO  BaseSetup:91 - Executing step: 37; ; pause-> =  / 3000
2017-08-29 16:53:40 [main] INFO  BaseSetup:91 - Executing step: 38; ; selectWindow->id = partner-frame / 
2017-08-29 16:53:43 [main] INFO  BaseSetup:91 - Executing step: 39; ; pause-> =  / 3000
2017-08-29 16:53:44 [main] INFO  BaseSetup:91 - Executing step: 40; ; select->id = ccins / VISA
2017-08-29 16:53:45 [main] INFO  BaseSetup:91 - Executing step: 41; ; type->id = ccname / Tanush
2017-08-29 16:53:45 [main] INFO  BaseSetup:91 - Executing step: 42; ; type->id = ccnum_display / 4111111111111111
2017-08-29 16:53:45 [main] INFO  BaseSetup:91 - Executing step: 43; ; type->id = expDateMonth / 09
2017-08-29 16:53:46 [main] INFO  BaseSetup:91 - Executing step: 44; ; type->id = expDateYear / 2022
2017-08-29 16:53:46 [main] INFO  BaseSetup:91 - Executing step: 45; ; type->id = cvval_display / 785
2017-08-29 16:53:52 [main] INFO  BaseSetup:91 - Executing step: 46; ; pause-> =  / 6000
2017-08-29 16:53:53 [main] INFO  BaseSetup:91 - Executing step: 47; ; key-> =  / TAB
2017-08-29 16:53:53 [main] INFO  BaseSetup:91 - Executing step: 48; ; key-> =  / TAB
2017-08-29 16:53:53 [main] INFO  BaseSetup:91 - Executing step: 49; ; key-> =  / ENTER
2017-08-29 16:53:56 [main] INFO  BaseSetup:91 - Executing step: 50; ; pause-> =  / 3000
2017-08-29 16:53:56 [main] INFO  BaseSetup:91 - Executing step: 51; ; selectWindow-> = null / 
2017-08-29 16:53:59 [main] INFO  BaseSetup:91 - Executing step: 52; ; pause-> =  / 3000
2017-08-29 16:54:00 [main] INFO  BaseSetup:91 - Executing step: 53; ; click->id = billing-button / 
2017-08-29 16:54:03 [main] INFO  BaseSetup:91 - Executing step: 54; ; pause-> =  / 3000
2017-08-29 16:54:04 [main] INFO  BaseSetup:91 - Executing step: 55; ; click->id = termChkBoxLarge / 
2017-08-29 16:54:07 [main] INFO  BaseSetup:91 - Executing step: 56; ; pause-> =  / 3000
2017-08-29 16:54:12 [main] INFO  BaseSetup:91 - Executing step: 57; ; click->id = submitRepairButton / 
2017-08-29 16:54:15 [main] INFO  BaseSetup:91 - Executing step: 58; ; pause-> =  / 3000
2017-08-29 17:05:47 [main] INFO  BaseSetup:178 - firefox--Windows 10--54.0--1280x1024
2017-08-29 17:07:23 [main] INFO  BaseSetup:57 - browserType: saucelabsWindowsFirefox; appURL: https://usmauijim.stg/
2017-08-29 17:07:23 [main] INFO  BaseSetup:66 - No saucelabs detectected; setting extentReportName
2017-08-29 17:07:29 [main] INFO  BaseSetup:91 - Executing step: 1; ; open-> =  / /
2017-08-29 17:07:36 [main] INFO  BaseSetup:91 - Executing step: 2; ; open-> =  / /en/shop/sunglasses/aviators/baby-beach
2017-08-29 17:07:37 [main] INFO  BaseSetup:91 - Executing step: 3; ; click->id = addToCartButton / 
2017-08-29 17:07:40 [main] INFO  BaseSetup:91 - Executing step: 4; ; pause-> =  / 3000
2017-08-29 17:07:47 [main] INFO  BaseSetup:91 - Executing step: 5; ; open-> =  / /en/shop/readers/makaha-reader-universal-fit
2017-08-29 17:07:48 [main] INFO  BaseSetup:91 - Executing step: 6; ; click->id = addToCartButton / 
2017-08-29 17:07:51 [main] INFO  BaseSetup:91 - Executing step: 7; ; pause-> =  / 3000
2017-08-29 17:07:57 [main] INFO  BaseSetup:91 - Executing step: 8; ; open-> =  / /en/shop/other/accessories/cablz-xl
2017-08-29 17:07:58 [main] INFO  BaseSetup:91 - Executing step: 9; ; click->id = addToCartButton / 
2017-08-29 17:08:01 [main] INFO  BaseSetup:91 - Executing step: 10; ; pause-> =  / 3000
2017-08-29 17:08:09 [main] INFO  BaseSetup:91 - Executing step: 11; ; open-> =  / /en/shop/other/hats/jimmy-bird-trucker
2017-08-29 17:08:10 [main] INFO  BaseSetup:91 - Executing step: 12; ; click->id = addToCartButton / 
2017-08-29 17:08:13 [main] INFO  BaseSetup:91 - Executing step: 13; ; pause-> =  / 3000
2017-08-29 17:08:19 [main] INFO  BaseSetup:91 - Executing step: 14; ; click->xpath = //li[@id='holderMiniCart']/a/span[2] / 
2017-08-29 17:08:24 [main] INFO  BaseSetup:91 - Executing step: 15; ; click->xpath = (//a[contains(@href, '/en/checkout')])[2] / 
2017-08-29 17:08:29 [main] INFO  BaseSetup:91 - Executing step: 16; ; click->id = registerInterceptSubmitButton / 
2017-08-29 17:08:30 [main] INFO  BaseSetup:91 - Executing step: 17; ; type->id = contactEmail / abc@test.com
2017-08-29 17:08:31 [main] INFO  BaseSetup:91 - Executing step: 18; ; type->id = contactPhone / 6514685841
2017-08-29 17:08:31 [main] INFO  BaseSetup:91 - Executing step: 19; ; click->id = submit / 
2017-08-29 17:08:34 [main] INFO  BaseSetup:91 - Executing step: 20; ; pause-> =  / 3000
2017-08-29 17:08:35 [main] INFO  BaseSetup:91 - Executing step: 21; ; type->id = address-firstName / Samik
2017-08-29 17:08:35 [main] INFO  BaseSetup:91 - Executing step: 22; ; type->id = address-lastName / Banerjee
2017-08-29 17:08:36 [main] INFO  BaseSetup:91 - Executing step: 23; ; type->id = compayName / 1920
2017-08-29 17:08:37 [main] INFO  BaseSetup:91 - Executing step: 24; ; type->id = address-line1 / 4280 Albany Drive
2017-08-29 17:08:37 [main] INFO  BaseSetup:91 - Executing step: 25; ; type->id = address-line2 / J223
2017-08-29 17:08:38 [main] INFO  BaseSetup:91 - Executing step: 26; ; type->id = address-town / San Jose
2017-08-29 17:08:38 [main] INFO  BaseSetup:91 - Executing step: 27; ; select->id = regionIso / CALIFORNIA
2017-08-29 17:08:39 [main] INFO  BaseSetup:91 - Executing step: 28; ; type->id = address-zip / 9529
2017-08-29 17:08:39 [main] INFO  BaseSetup:91 - Executing step: 29; ; click->id = continue-address-btn / 
2017-08-29 17:08:54 [main] INFO  BaseSetup:91 - Executing step: 30; ; pause-> =  / 15000
2017-08-29 17:08:55 [main] INFO  BaseSetup:91 - Executing step: 31; ; click->id = suggest-address-btn / 
2017-08-29 17:08:58 [main] INFO  BaseSetup:91 - Executing step: 32; ; pause-> =  / 3000
2017-08-29 17:08:59 [main] INFO  BaseSetup:91 - Executing step: 33; ; select->id = selectMethod / Standard ($0.00)
2017-08-29 17:08:59 [main] INFO  BaseSetup:91 - Executing step: 34; ; click->id = shipping-methods-continue / 
2017-08-29 17:09:04 [main] INFO  BaseSetup:91 - Executing step: 35; ; pause-> =  / 5000
2017-08-29 17:09:05 [main] INFO  BaseSetup:91 - Executing step: 36; ; click->id = billShippingAddress / 
2017-08-29 17:09:08 [main] INFO  BaseSetup:91 - Executing step: 37; ; pause-> =  / 3000
2017-08-29 17:09:08 [main] INFO  BaseSetup:91 - Executing step: 38; ; selectWindow->id = partner-frame / 
2017-08-29 17:09:11 [main] INFO  BaseSetup:91 - Executing step: 39; ; pause-> =  / 3000
2017-08-29 17:09:12 [main] INFO  BaseSetup:91 - Executing step: 40; ; select->id = ccins / VISA
2017-08-29 17:09:12 [main] INFO  BaseSetup:91 - Executing step: 41; ; type->id = ccname / samik
2017-08-29 17:09:13 [main] INFO  BaseSetup:91 - Executing step: 42; ; type->id = ccnum_display / 4111111111111111
2017-08-29 17:09:13 [main] INFO  BaseSetup:91 - Executing step: 43; ; type->id = expDateMonth / 09
2017-08-29 17:09:14 [main] INFO  BaseSetup:91 - Executing step: 44; ; type->id = expDateYear / 2022
2017-08-29 17:09:14 [main] INFO  BaseSetup:91 - Executing step: 45; ; type->id = cvval_display / 234
2017-08-29 17:09:20 [main] INFO  BaseSetup:91 - Executing step: 46; ; pause-> =  / 6000
2017-08-29 17:09:21 [main] INFO  BaseSetup:91 - Executing step: 47; ; key-> =  / TAB
2017-08-29 17:09:21 [main] INFO  BaseSetup:91 - Executing step: 48; ; key-> =  / TAB
2017-08-29 17:09:21 [main] INFO  BaseSetup:91 - Executing step: 49; ; key-> =  / ENTER
2017-08-29 17:09:24 [main] INFO  BaseSetup:91 - Executing step: 50; ; pause-> =  / 3000
2017-08-29 17:09:24 [main] INFO  BaseSetup:91 - Executing step: 51; ; selectWindow-> = null / 
2017-08-29 17:09:27 [main] INFO  BaseSetup:91 - Executing step: 52; ; pause-> =  / 3000
2017-08-29 17:09:28 [main] INFO  BaseSetup:91 - Executing step: 53; ; click->id = billing-button / 
2017-08-29 17:09:31 [main] INFO  BaseSetup:91 - Executing step: 54; ; pause-> =  / 3000
2017-08-29 17:09:32 [main] INFO  BaseSetup:91 - Executing step: 55; ; click->id = termChkBoxLarge / 
2017-08-29 17:09:35 [main] INFO  BaseSetup:91 - Executing step: 56; ; pause-> =  / 3000
2017-08-29 17:09:40 [main] INFO  BaseSetup:91 - Executing step: 57; ; click->id = submitRepairButton / 
2017-08-29 17:09:43 [main] INFO  BaseSetup:91 - Executing step: 58; ; pause-> =  / 3000
2017-08-29 17:09:49 [main] INFO  BaseSetup:91 - Executing step: 1; ; open-> =  / /
2017-08-29 17:09:53 [main] INFO  BaseSetup:91 - Executing step: 2; ; open-> =  / /en/shop/sunglasses/aviators/baby-beach
2017-08-29 17:09:54 [main] INFO  BaseSetup:91 - Executing step: 3; ; click->id = addToCartButton / 
2017-08-29 17:09:57 [main] INFO  BaseSetup:91 - Executing step: 4; ; pause-> =  / 3000
2017-08-29 17:10:03 [main] INFO  BaseSetup:91 - Executing step: 5; ; open-> =  / /en/shop/readers/makaha-reader-universal-fit
2017-08-29 17:10:04 [main] INFO  BaseSetup:91 - Executing step: 6; ; click->id = addToCartButton / 
2017-08-29 17:10:07 [main] INFO  BaseSetup:91 - Executing step: 7; ; pause-> =  / 3000
2017-08-29 17:10:12 [main] INFO  BaseSetup:91 - Executing step: 8; ; open-> =  / /en/shop/other/accessories/cablz-xl
2017-08-29 17:10:13 [main] INFO  BaseSetup:91 - Executing step: 9; ; click->id = addToCartButton / 
2017-08-29 17:10:16 [main] INFO  BaseSetup:91 - Executing step: 10; ; pause-> =  / 3000
2017-08-29 17:10:23 [main] INFO  BaseSetup:91 - Executing step: 11; ; open-> =  / /en/shop/other/hats/jimmy-bird-trucker
2017-08-29 17:10:23 [main] INFO  BaseSetup:91 - Executing step: 12; ; click->id = addToCartButton / 
2017-08-29 17:10:26 [main] INFO  BaseSetup:91 - Executing step: 13; ; pause-> =  / 3000
2017-08-29 17:10:32 [main] INFO  BaseSetup:91 - Executing step: 14; ; click->xpath = //li[@id='holderMiniCart']/a/span[2] / 
2017-08-29 17:10:38 [main] INFO  BaseSetup:91 - Executing step: 15; ; click->xpath = (//a[contains(@href, '/en/checkout')])[2] / 
2017-08-29 17:10:43 [main] INFO  BaseSetup:91 - Executing step: 16; ; click->id = registerInterceptSubmitButton / 
2017-08-29 17:10:43 [main] INFO  BaseSetup:91 - Executing step: 17; ; type->id = contactEmail / abc@test2.com
2017-08-29 17:10:44 [main] INFO  BaseSetup:91 - Executing step: 18; ; type->id = contactPhone / 6517030545
2017-08-29 17:10:44 [main] INFO  BaseSetup:91 - Executing step: 19; ; click->id = submit / 
2017-08-29 17:10:47 [main] INFO  BaseSetup:91 - Executing step: 20; ; pause-> =  / 3000
2017-08-29 17:10:48 [main] INFO  BaseSetup:91 - Executing step: 21; ; type->id = address-firstName / Tanush
2017-08-29 17:10:49 [main] INFO  BaseSetup:91 - Executing step: 22; ; type->id = address-lastName / G
2017-08-29 17:10:49 [main] INFO  BaseSetup:91 - Executing step: 23; ; type->id = compayName /  
2017-08-29 17:10:50 [main] INFO  BaseSetup:91 - Executing step: 24; ; type->id = address-line1 / 353 Kiely Blvd
2017-08-29 17:10:50 [main] INFO  BaseSetup:91 - Executing step: 25; ; type->id = address-line2 / E109
2017-08-29 17:10:50 [main] INFO  BaseSetup:91 - Executing step: 26; ; type->id = address-town / San Jose
2017-08-29 17:10:51 [main] INFO  BaseSetup:91 - Executing step: 27; ; select->id = regionIso / CALIFORNIA
2017-08-29 17:10:52 [main] INFO  BaseSetup:91 - Executing step: 28; ; type->id = address-zip / 9529
2017-08-29 17:10:52 [main] INFO  BaseSetup:91 - Executing step: 29; ; click->id = continue-address-btn / 
2017-08-29 17:11:07 [main] INFO  BaseSetup:91 - Executing step: 30; ; pause-> =  / 15000
2017-08-29 17:11:08 [main] INFO  BaseSetup:91 - Executing step: 31; ; click->id = suggest-address-btn / 
2017-08-29 17:11:11 [main] INFO  BaseSetup:91 - Executing step: 32; ; pause-> =  / 3000
2017-08-29 17:11:12 [main] INFO  BaseSetup:91 - Executing step: 33; ; select->id = selectMethod / Standard ($0.00)
2017-08-29 17:11:12 [main] INFO  BaseSetup:91 - Executing step: 34; ; click->id = shipping-methods-continue / 
2017-08-29 17:11:17 [main] INFO  BaseSetup:91 - Executing step: 35; ; pause-> =  / 5000
2017-08-29 17:11:18 [main] INFO  BaseSetup:91 - Executing step: 36; ; click->id = billShippingAddress / 
2017-08-29 17:11:21 [main] INFO  BaseSetup:91 - Executing step: 37; ; pause-> =  / 3000
2017-08-29 17:11:21 [main] INFO  BaseSetup:91 - Executing step: 38; ; selectWindow->id = partner-frame / 
2017-08-29 17:11:24 [main] INFO  BaseSetup:91 - Executing step: 39; ; pause-> =  / 3000
2017-08-29 17:11:25 [main] INFO  BaseSetup:91 - Executing step: 40; ; select->id = ccins / VISA
2017-08-29 17:11:25 [main] INFO  BaseSetup:91 - Executing step: 41; ; type->id = ccname / Tanush
2017-08-29 17:11:26 [main] INFO  BaseSetup:91 - Executing step: 42; ; type->id = ccnum_display / 4111111111111111
2017-08-29 17:11:26 [main] INFO  BaseSetup:91 - Executing step: 43; ; type->id = expDateMonth / 09
2017-08-29 17:11:27 [main] INFO  BaseSetup:91 - Executing step: 44; ; type->id = expDateYear / 2022
2017-08-29 17:11:27 [main] INFO  BaseSetup:91 - Executing step: 45; ; type->id = cvval_display / 785
2017-08-29 17:11:33 [main] INFO  BaseSetup:91 - Executing step: 46; ; pause-> =  / 6000
2017-08-29 17:11:34 [main] INFO  BaseSetup:91 - Executing step: 47; ; key-> =  / TAB
2017-08-29 17:11:34 [main] INFO  BaseSetup:91 - Executing step: 48; ; key-> =  / TAB
2017-08-29 17:11:34 [main] INFO  BaseSetup:91 - Executing step: 49; ; key-> =  / ENTER
2017-08-29 17:11:37 [main] INFO  BaseSetup:91 - Executing step: 50; ; pause-> =  / 3000
2017-08-29 17:11:37 [main] INFO  BaseSetup:91 - Executing step: 51; ; selectWindow-> = null / 
2017-08-29 17:11:40 [main] INFO  BaseSetup:91 - Executing step: 52; ; pause-> =  / 3000
2017-08-29 17:11:41 [main] INFO  BaseSetup:91 - Executing step: 53; ; click->id = billing-button / 
2017-08-29 17:11:44 [main] INFO  BaseSetup:91 - Executing step: 54; ; pause-> =  / 3000
2017-08-29 17:11:44 [main] INFO  BaseSetup:91 - Executing step: 55; ; click->id = termChkBoxLarge / 
2017-08-29 17:11:47 [main] INFO  BaseSetup:91 - Executing step: 56; ; pause-> =  / 3000
2017-08-29 17:11:55 [main] INFO  BaseSetup:91 - Executing step: 57; ; click->id = submitRepairButton / 
2017-08-29 17:11:58 [main] INFO  BaseSetup:91 - Executing step: 58; ; pause-> =  / 3000
2017-08-29 17:15:51 [main] INFO  BaseSetup:178 - safari--macOS 10.12--10.0--1280x960
2017-08-29 17:16:25 [main] INFO  BaseSetup:178 - firefox--Windows 10--54.0--1280x1024
2017-08-29 17:26:28 [main] INFO  BaseSetup:175 - safari--macOS 10.12--10.0--1280x960
2017-08-29 17:26:43 [main] INFO  BaseSetup:175 - firefox--Windows 10--54.0--1280x1024
2017-08-29 17:29:05 [main] INFO  BaseSetup:175 - safari--macOS 10.12--10.0--1280x960
2017-08-29 17:29:20 [main] INFO  BaseSetup:175 - firefox--Windows 10--54.0--1280x1024
2017-08-29 17:32:26 [main] INFO  BaseSetup:175 - safari--macOS 10.12--10.0--1280x960
2017-08-29 17:36:39 [main] INFO  BaseSetup:176 - safari--macOS 10.12--10.0--1280x960
2017-08-29 17:36:57 [main] INFO  BaseSetup:57 - browserType: slMacSafari; appURL: https://usmauijim.stg/
2017-08-29 17:36:57 [main] INFO  BaseSetup:66 - No saucelabs detectected; setting extentReportName
2017-08-29 17:37:03 [main] INFO  BaseSetup:91 - Executing step: 1; ; open-> =  / /
2017-08-29 17:37:11 [main] INFO  BaseSetup:91 - Executing step: 2; ; open-> =  / /en/shop/sunglasses/aviators/baby-beach
2017-08-29 17:37:11 [main] INFO  BaseSetup:91 - Executing step: 3; ; click->id = addToCartButton / 
2017-08-29 17:37:14 [main] INFO  BaseSetup:91 - Executing step: 4; ; pause-> =  / 3000
2017-08-29 17:37:21 [main] INFO  BaseSetup:91 - Executing step: 5; ; open-> =  / /en/shop/readers/makaha-reader-universal-fit
2017-08-29 17:37:21 [main] INFO  BaseSetup:91 - Executing step: 6; ; click->id = addToCartButton / 
2017-08-29 17:37:24 [main] INFO  BaseSetup:91 - Executing step: 7; ; pause-> =  / 3000
2017-08-29 17:37:31 [main] INFO  BaseSetup:91 - Executing step: 8; ; open-> =  / /en/shop/other/accessories/cablz-xl
2017-08-29 17:37:31 [main] INFO  BaseSetup:91 - Executing step: 9; ; click->id = addToCartButton / 
2017-08-29 17:37:34 [main] INFO  BaseSetup:91 - Executing step: 10; ; pause-> =  / 3000
2017-08-29 17:37:41 [main] INFO  BaseSetup:91 - Executing step: 11; ; open-> =  / /en/shop/other/hats/jimmy-bird-trucker
2017-08-29 17:37:42 [main] INFO  BaseSetup:91 - Executing step: 12; ; click->id = addToCartButton / 
2017-08-29 17:37:45 [main] INFO  BaseSetup:91 - Executing step: 13; ; pause-> =  / 3000
2017-08-29 17:37:45 [main] INFO  BaseSetup:91 - Executing step: 14; ; click->xpath = //li[@id='holderMiniCart']/a/span[2] / 
2017-08-29 17:37:48 [main] INFO  BaseSetup:91 - Executing step: 15; ; click->xpath = (//a[contains(@href, '/en/checkout')])[2] / 
2017-08-29 17:37:52 [main] INFO  BaseSetup:91 - Executing step: 16; ; click->id = registerInterceptSubmitButton / 
2017-08-29 17:37:56 [main] INFO  BaseSetup:91 - Executing step: 17; ; type->id = contactEmail / abc@test.com
2017-08-29 17:37:57 [main] INFO  BaseSetup:91 - Executing step: 18; ; type->id = contactPhone / 6514685841
2017-08-29 17:37:58 [main] INFO  BaseSetup:91 - Executing step: 19; ; click->id = submit / 
2017-08-29 17:38:01 [main] INFO  BaseSetup:91 - Executing step: 20; ; pause-> =  / 3000
2017-08-29 17:38:01 [main] INFO  BaseSetup:91 - Executing step: 21; ; type->id = address-firstName / Samik
2017-08-29 17:38:02 [main] INFO  BaseSetup:91 - Executing step: 22; ; type->id = address-lastName / Banerjee
2017-08-29 17:38:03 [main] INFO  BaseSetup:91 - Executing step: 23; ; type->id = compayName / 1920
2017-08-29 17:38:04 [main] INFO  BaseSetup:91 - Executing step: 24; ; type->id = address-line1 / 4280 Albany Drive
2017-08-29 17:38:04 [main] INFO  BaseSetup:91 - Executing step: 25; ; type->id = address-line2 / J223
2017-08-29 17:38:05 [main] INFO  BaseSetup:91 - Executing step: 26; ; type->id = address-town / San Jose
2017-08-29 17:38:05 [main] INFO  BaseSetup:91 - Executing step: 27; ; select->id = regionIso / CALIFORNIA
2017-08-29 17:38:06 [main] INFO  BaseSetup:91 - Executing step: 28; ; type->id = address-zip / 9529
2017-08-29 17:38:06 [main] INFO  BaseSetup:91 - Executing step: 29; ; click->id = continue-address-btn / 
2017-08-29 17:38:21 [main] INFO  BaseSetup:91 - Executing step: 30; ; pause-> =  / 15000
2017-08-29 17:38:22 [main] INFO  BaseSetup:91 - Executing step: 31; ; click->id = suggest-address-btn / 
2017-08-29 17:38:25 [main] INFO  BaseSetup:91 - Executing step: 32; ; pause-> =  / 3000
2017-08-29 17:38:25 [main] INFO  BaseSetup:91 - Executing step: 33; ; select->id = selectMethod / Standard ($0.00)
2017-08-29 17:38:26 [main] INFO  BaseSetup:91 - Executing step: 34; ; click->id = shipping-methods-continue / 
2017-08-29 17:38:31 [main] INFO  BaseSetup:91 - Executing step: 35; ; pause-> =  / 5000
2017-08-29 17:38:31 [main] INFO  BaseSetup:91 - Executing step: 36; ; click->id = billShippingAddress / 
2017-08-29 17:38:34 [main] INFO  BaseSetup:91 - Executing step: 37; ; pause-> =  / 3000
2017-08-29 17:38:35 [main] INFO  BaseSetup:91 - Executing step: 38; ; selectWindow->id = partner-frame / 
2017-08-29 17:38:38 [main] INFO  BaseSetup:91 - Executing step: 39; ; pause-> =  / 3000
2017-08-29 17:38:38 [main] INFO  BaseSetup:91 - Executing step: 40; ; select->id = ccins / VISA
2017-08-29 17:38:39 [main] INFO  BaseSetup:91 - Executing step: 41; ; type->id = ccname / samik
2017-08-29 17:38:39 [main] INFO  BaseSetup:91 - Executing step: 42; ; type->id = ccnum_display / 4111111111111111
2017-08-29 17:38:40 [main] INFO  BaseSetup:91 - Executing step: 43; ; type->id = expDateMonth / 09
2017-08-29 17:38:40 [main] INFO  BaseSetup:91 - Executing step: 44; ; type->id = expDateYear / 2022
2017-08-29 17:38:41 [main] INFO  BaseSetup:91 - Executing step: 45; ; type->id = cvval_display / 234
2017-08-29 17:38:47 [main] INFO  BaseSetup:91 - Executing step: 46; ; pause-> =  / 6000
2017-08-29 17:38:47 [main] INFO  BaseSetup:91 - Executing step: 47; ; key-> =  / TAB
2017-08-29 17:38:47 [main] INFO  BaseSetup:91 - Executing step: 48; ; key-> =  / TAB
2017-08-29 17:38:48 [main] INFO  BaseSetup:91 - Executing step: 49; ; key-> =  / ENTER
2017-08-29 17:38:51 [main] INFO  BaseSetup:91 - Executing step: 50; ; pause-> =  / 3000
2017-08-29 17:38:51 [main] INFO  BaseSetup:91 - Executing step: 51; ; selectWindow-> = null / 
2017-08-29 17:38:54 [main] INFO  BaseSetup:91 - Executing step: 52; ; pause-> =  / 3000
2017-08-29 17:38:54 [main] INFO  BaseSetup:91 - Executing step: 53; ; click->id = billing-button / 
2017-08-29 17:38:57 [main] INFO  BaseSetup:91 - Executing step: 54; ; pause-> =  / 3000
2017-08-29 17:38:59 [main] INFO  BaseSetup:91 - Executing step: 55; ; click->id = termChkBoxLarge / 
2017-08-29 17:39:02 [main] INFO  BaseSetup:91 - Executing step: 56; ; pause-> =  / 3000
2017-08-29 17:39:03 [main] INFO  BaseSetup:91 - Executing step: 57; ; click->id = submitRepairButton / 
2017-08-29 17:39:06 [main] INFO  BaseSetup:91 - Executing step: 58; ; pause-> =  / 3000
2017-08-29 17:39:10 [main] INFO  BaseSetup:91 - Executing step: 1; ; open-> =  / /
2017-08-29 17:39:15 [main] INFO  BaseSetup:91 - Executing step: 2; ; open-> =  / /en/shop/sunglasses/aviators/baby-beach
2017-08-29 17:39:16 [main] INFO  BaseSetup:91 - Executing step: 3; ; click->id = addToCartButton / 
2017-08-29 17:39:19 [main] INFO  BaseSetup:91 - Executing step: 4; ; pause-> =  / 3000
2017-08-29 17:39:24 [main] INFO  BaseSetup:91 - Executing step: 5; ; open-> =  / /en/shop/readers/makaha-reader-universal-fit
2017-08-29 17:39:24 [main] INFO  BaseSetup:91 - Executing step: 6; ; click->id = addToCartButton / 
2017-08-29 17:39:27 [main] INFO  BaseSetup:91 - Executing step: 7; ; pause-> =  / 3000
2017-08-29 17:39:32 [main] INFO  BaseSetup:91 - Executing step: 8; ; open-> =  / /en/shop/other/accessories/cablz-xl
2017-08-29 17:39:32 [main] INFO  BaseSetup:91 - Executing step: 9; ; click->id = addToCartButton / 
2017-08-29 17:39:35 [main] INFO  BaseSetup:91 - Executing step: 10; ; pause-> =  / 3000
2017-08-29 17:39:41 [main] INFO  BaseSetup:91 - Executing step: 11; ; open-> =  / /en/shop/other/hats/jimmy-bird-trucker
2017-08-29 17:39:41 [main] INFO  BaseSetup:91 - Executing step: 12; ; click->id = addToCartButton / 
2017-08-29 17:39:44 [main] INFO  BaseSetup:91 - Executing step: 13; ; pause-> =  / 3000
2017-08-29 17:39:44 [main] INFO  BaseSetup:91 - Executing step: 14; ; click->xpath = //li[@id='holderMiniCart']/a/span[2] / 
2017-08-29 17:39:47 [main] INFO  BaseSetup:91 - Executing step: 15; ; click->xpath = (//a[contains(@href, '/en/checkout')])[2] / 
2017-08-29 17:39:49 [main] INFO  BaseSetup:91 - Executing step: 16; ; click->id = registerInterceptSubmitButton / 
2017-08-29 17:39:52 [main] INFO  BaseSetup:91 - Executing step: 17; ; type->id = contactEmail / abc@test2.com
2017-08-29 17:39:53 [main] INFO  BaseSetup:91 - Executing step: 18; ; type->id = contactPhone / 6517030545
2017-08-29 17:39:53 [main] INFO  BaseSetup:91 - Executing step: 19; ; click->id = submit / 
2017-08-29 17:39:56 [main] INFO  BaseSetup:91 - Executing step: 20; ; pause-> =  / 3000
2017-08-29 17:39:57 [main] INFO  BaseSetup:91 - Executing step: 21; ; type->id = address-firstName / Tanush
2017-08-29 17:39:58 [main] INFO  BaseSetup:91 - Executing step: 22; ; type->id = address-lastName / G
2017-08-29 17:39:58 [main] INFO  BaseSetup:91 - Executing step: 23; ; type->id = compayName /  
2017-08-29 17:39:59 [main] INFO  BaseSetup:91 - Executing step: 24; ; type->id = address-line1 / 353 Kiely Blvd
2017-08-29 17:40:00 [main] INFO  BaseSetup:91 - Executing step: 25; ; type->id = address-line2 / E109
2017-08-29 17:40:01 [main] INFO  BaseSetup:91 - Executing step: 26; ; type->id = address-town / San Jose
2017-08-29 17:40:01 [main] INFO  BaseSetup:91 - Executing step: 27; ; select->id = regionIso / CALIFORNIA
2017-08-29 17:40:02 [main] INFO  BaseSetup:91 - Executing step: 28; ; type->id = address-zip / 9529
2017-08-29 17:40:03 [main] INFO  BaseSetup:91 - Executing step: 29; ; click->id = continue-address-btn / 
2017-08-29 17:40:18 [main] INFO  BaseSetup:91 - Executing step: 30; ; pause-> =  / 15000
2017-08-29 17:40:18 [main] INFO  BaseSetup:91 - Executing step: 31; ; click->id = suggest-address-btn / 
2017-08-29 17:40:21 [main] INFO  BaseSetup:91 - Executing step: 32; ; pause-> =  / 3000
2017-08-29 17:40:22 [main] INFO  BaseSetup:91 - Executing step: 33; ; select->id = selectMethod / Standard ($0.00)
2017-08-29 17:40:22 [main] INFO  BaseSetup:91 - Executing step: 34; ; click->id = shipping-methods-continue / 
2017-08-29 17:40:27 [main] INFO  BaseSetup:91 - Executing step: 35; ; pause-> =  / 5000
2017-08-29 17:40:28 [main] INFO  BaseSetup:91 - Executing step: 36; ; click->id = billShippingAddress / 
2017-08-29 17:40:31 [main] INFO  BaseSetup:91 - Executing step: 37; ; pause-> =  / 3000
2017-08-29 17:40:31 [main] INFO  BaseSetup:91 - Executing step: 38; ; selectWindow->id = partner-frame / 
2017-08-29 17:40:34 [main] INFO  BaseSetup:91 - Executing step: 39; ; pause-> =  / 3000
2017-08-29 17:40:35 [main] INFO  BaseSetup:91 - Executing step: 40; ; select->id = ccins / VISA
2017-08-29 17:40:35 [main] INFO  BaseSetup:91 - Executing step: 41; ; type->id = ccname / Tanush
2017-08-29 17:40:36 [main] INFO  BaseSetup:91 - Executing step: 42; ; type->id = ccnum_display / 4111111111111111
2017-08-29 17:40:36 [main] INFO  BaseSetup:91 - Executing step: 43; ; type->id = expDateMonth / 09
2017-08-29 17:40:37 [main] INFO  BaseSetup:91 - Executing step: 44; ; type->id = expDateYear / 2022
2017-08-29 17:40:38 [main] INFO  BaseSetup:91 - Executing step: 45; ; type->id = cvval_display / 785
2017-08-29 17:40:44 [main] INFO  BaseSetup:91 - Executing step: 46; ; pause-> =  / 6000
2017-08-29 17:40:44 [main] INFO  BaseSetup:91 - Executing step: 47; ; key-> =  / TAB
2017-08-29 17:40:44 [main] INFO  BaseSetup:91 - Executing step: 48; ; key-> =  / TAB
2017-08-29 17:40:45 [main] INFO  BaseSetup:91 - Executing step: 49; ; key-> =  / ENTER
2017-08-29 17:40:48 [main] INFO  BaseSetup:91 - Executing step: 50; ; pause-> =  / 3000
2017-08-29 17:40:48 [main] INFO  BaseSetup:91 - Executing step: 51; ; selectWindow-> = null / 
2017-08-29 17:40:51 [main] INFO  BaseSetup:91 - Executing step: 52; ; pause-> =  / 3000
2017-08-29 17:40:51 [main] INFO  BaseSetup:91 - Executing step: 53; ; click->id = billing-button / 
2017-08-29 17:40:54 [main] INFO  BaseSetup:91 - Executing step: 54; ; pause-> =  / 3000
2017-08-29 17:40:56 [main] INFO  BaseSetup:91 - Executing step: 55; ; click->id = termChkBoxLarge / 
2017-08-29 17:40:59 [main] INFO  BaseSetup:91 - Executing step: 56; ; pause-> =  / 3000
2017-08-29 17:41:00 [main] INFO  BaseSetup:91 - Executing step: 57; ; click->id = submitRepairButton / 
2017-08-29 17:41:03 [main] INFO  BaseSetup:91 - Executing step: 58; ; pause-> =  / 3000
2017-08-30 23:20:26 [main] INFO  BaseSetup:176 - safari--macOS 10.12--10.0--1280x960
2017-08-30 23:24:25 [main] INFO  BaseSetup:176 - firefox--Windows 10--54.0--1280x1024
2017-08-30 23:24:32 [main] ERROR BaseSetup:76 - Error.....Sauce could not start your job. For more information on what happened, please visit https://saucelabs.com/jobs/0143bf95bd9348dd98df58bdfc9afc0c (WARNING: The server did not provide any stacktrace information)
Command duration or timeout: 5.81 seconds
Build info: version: '3.4.0', revision: 'unknown', time: 'unknown'
System info: host: 'SAMIK-PC', ip: '10.103.6.163', os.name: 'Windows 8.1', os.arch: 'amd64', os.version: '6.3', java.version: '1.8.0_45'
Driver info: driver.version: RemoteWebDriverorg.openqa.selenium.WebDriverException: Sauce could not start your job. For more information on what happened, please visit https://saucelabs.com/jobs/0143bf95bd9348dd98df58bdfc9afc0c (WARNING: The server did not provide any stacktrace information)
Command duration or timeout: 5.81 seconds
Build info: version: '3.4.0', revision: 'unknown', time: 'unknown'
System info: host: 'SAMIK-PC', ip: '10.103.6.163', os.name: 'Windows 8.1', os.arch: 'amd64', os.version: '6.3', java.version: '1.8.0_45'
Driver info: driver.version: RemoteWebDriver
2017-08-30 23:26:08 [main] INFO  BaseSetup:176 - firefox--Windows 10--54.0--1280x1024
2017-08-30 23:27:25 [main] INFO  BaseSetup:57 - browserType: slWindowsFirefox; appURL: https://usmauijim.stg/
2017-08-30 23:27:25 [main] INFO  BaseSetup:66 - No saucelabs detectected; setting extentReportName
2017-08-30 23:27:30 [main] INFO  BaseSetup:91 - Executing step: 1; ; open-> =  / /
2017-08-30 23:28:04 [main] INFO  BaseSetup:91 - Executing step: 2; ; open-> =  / /en/shop/sunglasses/aviators/baby-beach
2017-08-30 23:28:04 [main] INFO  BaseSetup:91 - Executing step: 3; ; click->id = addToCartButton / 
2017-08-30 23:28:07 [main] INFO  BaseSetup:91 - Executing step: 4; ; pause-> =  / 3000
2017-08-30 23:28:19 [main] INFO  BaseSetup:91 - Executing step: 5; ; open-> =  / /en/shop/readers/makaha-reader-universal-fit
2017-08-30 23:28:20 [main] INFO  BaseSetup:91 - Executing step: 6; ; click->id = addToCartButton / 
2017-08-30 23:28:23 [main] INFO  BaseSetup:91 - Executing step: 7; ; pause-> =  / 3000
2017-08-30 23:28:30 [main] INFO  BaseSetup:91 - Executing step: 8; ; open-> =  / /en/shop/other/accessories/cablz-xl
2017-08-30 23:28:31 [main] INFO  BaseSetup:91 - Executing step: 9; ; click->id = addToCartButton / 
2017-08-30 23:28:34 [main] INFO  BaseSetup:91 - Executing step: 10; ; pause-> =  / 3000
2017-08-30 23:29:06 [main] INFO  BaseSetup:91 - Executing step: 11; ; open-> =  / /en/shop/other/hats/jimmy-bird-trucker
2017-08-30 23:29:07 [main] INFO  BaseSetup:91 - Executing step: 12; ; click->id = addToCartButton / 
2017-08-30 23:29:10 [main] INFO  BaseSetup:91 - Executing step: 13; ; pause-> =  / 3000
2017-08-30 23:29:17 [main] INFO  BaseSetup:91 - Executing step: 14; ; click->xpath = //li[@id='holderMiniCart']/a/span[2] / 
2017-08-30 23:29:25 [main] INFO  BaseSetup:91 - Executing step: 15; ; click->xpath = (//a[contains(@href, '/en/checkout')])[2] / 
2017-08-30 23:29:31 [main] INFO  BaseSetup:91 - Executing step: 16; ; click->id = registerInterceptSubmitButton / 
2017-08-30 23:29:32 [main] INFO  BaseSetup:91 - Executing step: 17; ; type->id = contactEmail / abc@test.com
2017-08-30 23:29:33 [main] INFO  BaseSetup:91 - Executing step: 18; ; type->id = contactPhone / 6514685841
2017-08-30 23:29:33 [main] INFO  BaseSetup:91 - Executing step: 19; ; click->id = submit / 
2017-08-30 23:29:36 [main] INFO  BaseSetup:91 - Executing step: 20; ; pause-> =  / 3000
2017-08-30 23:29:37 [main] INFO  BaseSetup:91 - Executing step: 21; ; type->id = address-firstName / Samik
2017-08-30 23:29:38 [main] INFO  BaseSetup:91 - Executing step: 22; ; type->id = address-lastName / Banerjee
2017-08-30 23:29:38 [main] INFO  BaseSetup:91 - Executing step: 23; ; type->id = compayName / 1920
2017-08-30 23:29:39 [main] INFO  BaseSetup:91 - Executing step: 24; ; type->id = address-line1 / 4280 Albany Drive
2017-08-30 23:29:39 [main] INFO  BaseSetup:91 - Executing step: 25; ; type->id = address-line2 / J223
2017-08-30 23:29:40 [main] INFO  BaseSetup:91 - Executing step: 26; ; type->id = address-town / San Jose
2017-08-30 23:29:41 [main] INFO  BaseSetup:91 - Executing step: 27; ; select->id = regionIso / CALIFORNIA
2017-08-30 23:29:42 [main] INFO  BaseSetup:91 - Executing step: 28; ; type->id = address-zip / 9529
2017-08-30 23:29:42 [main] INFO  BaseSetup:91 - Executing step: 29; ; click->id = continue-address-btn / 
2017-08-30 23:29:57 [main] INFO  BaseSetup:91 - Executing step: 30; ; pause-> =  / 15000
2017-08-30 23:30:38 [main] ERROR BaseSetup:104 - org.openqa.selenium.TimeoutException: Expected condition failed: waiting for presence of element located by: By.id: suggest-address-btn (tried for 20 second(s) with 500 MILLISECONDS interval)
2017-08-30 23:30:44 [main] INFO  BaseSetup:91 - Executing step: 1; ; open-> =  / /
2017-08-30 23:30:51 [main] INFO  BaseSetup:91 - Executing step: 2; ; open-> =  / /en/shop/sunglasses/aviators/baby-beach
2017-08-30 23:30:52 [main] INFO  BaseSetup:91 - Executing step: 3; ; click->id = addToCartButton / 
2017-08-30 23:30:55 [main] INFO  BaseSetup:91 - Executing step: 4; ; pause-> =  / 3000
2017-08-30 23:31:04 [main] INFO  BaseSetup:91 - Executing step: 5; ; open-> =  / /en/shop/readers/makaha-reader-universal-fit
2017-08-30 23:31:04 [main] INFO  BaseSetup:91 - Executing step: 6; ; click->id = addToCartButton / 
2017-08-30 23:31:07 [main] INFO  BaseSetup:91 - Executing step: 7; ; pause-> =  / 3000
2017-08-30 23:31:14 [main] INFO  BaseSetup:91 - Executing step: 8; ; open-> =  / /en/shop/other/accessories/cablz-xl
2017-08-30 23:31:15 [main] INFO  BaseSetup:91 - Executing step: 9; ; click->id = addToCartButton / 
2017-08-30 23:31:18 [main] INFO  BaseSetup:91 - Executing step: 10; ; pause-> =  / 3000
2017-08-30 23:31:25 [main] INFO  BaseSetup:91 - Executing step: 11; ; open-> =  / /en/shop/other/hats/jimmy-bird-trucker
2017-08-30 23:31:25 [main] INFO  BaseSetup:91 - Executing step: 12; ; click->id = addToCartButton / 
2017-08-30 23:31:28 [main] INFO  BaseSetup:91 - Executing step: 13; ; pause-> =  / 3000
2017-08-30 23:31:36 [main] INFO  BaseSetup:91 - Executing step: 14; ; click->xpath = //li[@id='holderMiniCart']/a/span[2] / 
2017-08-30 23:31:42 [main] INFO  BaseSetup:91 - Executing step: 15; ; click->xpath = (//a[contains(@href, '/en/checkout')])[2] / 
2017-08-30 23:31:48 [main] INFO  BaseSetup:91 - Executing step: 16; ; click->id = registerInterceptSubmitButton / 
2017-08-30 23:31:49 [main] INFO  BaseSetup:91 - Executing step: 17; ; type->id = contactEmail / abc@test2.com
2017-08-30 23:31:50 [main] INFO  BaseSetup:91 - Executing step: 18; ; type->id = contactPhone / 6517030545
2017-08-30 23:31:51 [main] INFO  BaseSetup:91 - Executing step: 19; ; click->id = submit / 
2017-08-30 23:31:54 [main] INFO  BaseSetup:91 - Executing step: 20; ; pause-> =  / 3000
2017-08-30 23:31:55 [main] INFO  BaseSetup:91 - Executing step: 21; ; type->id = address-firstName / Tanush
2017-08-30 23:31:56 [main] INFO  BaseSetup:91 - Executing step: 22; ; type->id = address-lastName / G
2017-08-30 23:31:56 [main] INFO  BaseSetup:91 - Executing step: 23; ; type->id = compayName /  
2017-08-30 23:31:57 [main] INFO  BaseSetup:91 - Executing step: 24; ; type->id = address-line1 / 353 Kiely Blvd
2017-08-30 23:31:57 [main] INFO  BaseSetup:91 - Executing step: 25; ; type->id = address-line2 / E109
2017-08-30 23:31:58 [main] INFO  BaseSetup:91 - Executing step: 26; ; type->id = address-town / San Jose
2017-08-30 23:31:59 [main] INFO  BaseSetup:91 - Executing step: 27; ; select->id = regionIso / CALIFORNIA
2017-08-30 23:31:59 [main] INFO  BaseSetup:91 - Executing step: 28; ; type->id = address-zip / 9529
2017-08-30 23:32:00 [main] INFO  BaseSetup:91 - Executing step: 29; ; click->id = continue-address-btn / 
2017-08-30 23:32:15 [main] INFO  BaseSetup:91 - Executing step: 30; ; pause-> =  / 15000
2017-08-30 23:32:16 [main] INFO  BaseSetup:91 - Executing step: 31; ; click->id = suggest-address-btn / 
2017-08-30 23:32:19 [main] INFO  BaseSetup:91 - Executing step: 32; ; pause-> =  / 3000
2017-08-30 23:32:20 [main] INFO  BaseSetup:91 - Executing step: 33; ; select->id = selectMethod / Standard ($0.00)
2017-08-30 23:32:20 [main] INFO  BaseSetup:91 - Executing step: 34; ; click->id = shipping-methods-continue / 
2017-08-30 23:32:25 [main] INFO  BaseSetup:91 - Executing step: 35; ; pause-> =  / 5000
2017-08-30 23:32:26 [main] INFO  BaseSetup:91 - Executing step: 36; ; click->id = billShippingAddress / 
2017-08-30 23:32:29 [main] INFO  BaseSetup:91 - Executing step: 37; ; pause-> =  / 3000
2017-08-30 23:32:29 [main] INFO  BaseSetup:91 - Executing step: 38; ; selectWindow->id = partner-frame / 
2017-08-30 23:32:32 [main] INFO  BaseSetup:91 - Executing step: 39; ; pause-> =  / 3000
2017-08-30 23:32:33 [main] INFO  BaseSetup:91 - Executing step: 40; ; select->id = ccins / VISA
2017-08-30 23:32:33 [main] INFO  BaseSetup:91 - Executing step: 41; ; type->id = ccname / Tanush
2017-08-30 23:32:34 [main] INFO  BaseSetup:91 - Executing step: 42; ; type->id = ccnum_display / 4111111111111111
2017-08-30 23:32:34 [main] INFO  BaseSetup:91 - Executing step: 43; ; type->id = expDateMonth / 09
2017-08-30 23:32:35 [main] INFO  BaseSetup:91 - Executing step: 44; ; type->id = expDateYear / 2022
2017-08-30 23:32:36 [main] INFO  BaseSetup:91 - Executing step: 45; ; type->id = cvval_display / 785
2017-08-30 23:32:42 [main] INFO  BaseSetup:91 - Executing step: 46; ; pause-> =  / 6000
2017-08-30 23:32:42 [main] INFO  BaseSetup:91 - Executing step: 47; ; key-> =  / TAB
2017-08-30 23:32:43 [main] INFO  BaseSetup:91 - Executing step: 48; ; key-> =  / TAB
2017-08-30 23:32:43 [main] INFO  BaseSetup:91 - Executing step: 49; ; key-> =  / ENTER
2017-08-30 23:32:46 [main] INFO  BaseSetup:91 - Executing step: 50; ; pause-> =  / 3000
2017-08-30 23:32:46 [main] INFO  BaseSetup:91 - Executing step: 51; ; selectWindow-> = null / 
2017-08-30 23:32:49 [main] INFO  BaseSetup:91 - Executing step: 52; ; pause-> =  / 3000
2017-08-30 23:32:50 [main] INFO  BaseSetup:91 - Executing step: 53; ; click->id = billing-button / 
2017-08-30 23:32:53 [main] INFO  BaseSetup:91 - Executing step: 54; ; pause-> =  / 3000
2017-08-30 23:32:53 [main] INFO  BaseSetup:91 - Executing step: 55; ; click->id = termChkBoxLarge / 
2017-08-30 23:32:56 [main] INFO  BaseSetup:91 - Executing step: 56; ; pause-> =  / 3000
2017-08-30 23:32:57 [main] ERROR BaseSetup:104 - org.openqa.selenium.InvalidElementStateException: Element is not enabled
Build info: version: '3.4.0', revision: 'unknown', time: 'unknown'
System info: host: 'WIN-SB3ER6JQ6ME', ip: '10.100.28.34', os.name: 'Windows 10', os.arch: 'x86', os.version: '10.0', java.version: '1.8.0_91'
Driver info: org.openqa.selenium.firefox.FirefoxDriver
Capabilities [{moz:profile=C:\Users\ADMINI~1\AppData\Local\Temp\rust_mozprofile.BeG3ptCKFh6q, rotatable=false, timeouts={implicit=0.0, pageLoad=300000.0, script=30000.0}, pageLoadStrategy=normal, platform=ANY, proxy=Proxy(pac: http://127.0.0.1:19876/pac.js), specificationLevel=0.0, moz:accessibilityChecks=false, acceptInsecureCerts=false, browserVersion=54.0, platformVersion=10.0, moz:processID=3860.0, browserName=firefox, javascriptEnabled=true, platformName=windows_nt}]
Session ID: XXXXXXXX-XXXX-XXXX-XXXX-XXXX1623e19a
Command duration or timeout: 300 milliseconds
